0 info it worked if it ends with ok
1 verbose cli [ 'node', '/usr/bin/npm', 'version', 'patch' ]
2 info using npm@1.3.6
3 info using node@v0.10.36
4 error Error: Git working directory not clean.
4 error M package.json
4 error     at /usr/lib/node_modules/npm/lib/version.js:97:35
4 error     at ChildProcess.exithandler (child_process.js:656:7)
4 error     at ChildProcess.emit (events.js:98:17)
4 error     at maybeClose (child_process.js:766:16)
4 error     at Socket.<anonymous> (child_process.js:979:11)
4 error     at Socket.emit (events.js:95:17)
4 error     at Pipe.close (net.js:466:12)
5 error If you need help, you may report this log at:
5 error     <http://github.com/isaacs/npm/issues>
5 error or email it to:
5 error     <npm-@googlegroups.com>
6 error System Linux 4.2.6-201.fc22.x86_64
7 error command "node" "/usr/bin/npm" "version" "patch"
8 error cwd /home/robert-jan/Documents/node-chromecast-unix-audio
9 error node -v v0.10.36
10 error npm -v 1.3.6
11 verbose exit [ 1, true ]
